2024-07-12 13:36:42 +00:00: (node:504801) [DEP0106] DeprecationWarning: crypto.createCipher is deprecated.
(Use `node --trace-deprecation ...` to show where the warning was created)
2024-07-12 13:36:42 +00:00: (node:504801) Warning: Use Cipheriv for counter mode of aes-256-ctr
2024-07-12 13:36:42 +00:00: (node:504801) Warning: Use Cipheriv for counter mode of aes-256-ctr
2024-07-13 05:09:32 +00:00: (node:504801) Warning: Use Cipheriv for counter mode of aes-256-ctr
2024-07-13 05:09:32 +00:00: (node:504801) Warning: Use Cipheriv for counter mode of aes-256-ctr
2024-07-13 05:14:14 +00:00: performConsortiumPreliminaryAttachmentFileUpload : newFileNameWithBaseFolder :  org/1720847654517.mp3
2024-07-13 05:14:14 +00:00: performConsortiumPreliminaryAttachmentFileUpload : File uploaded successfully :  {
  ETag: '"c7be1e89bf40635fd1a1def2c91d1f14"',
  ServerSideEncryption: 'AES256',
  Location: 'https://ana-s3-bucket-01.s3.amazonaws.com/ANA/uploads/consortiumAssets/CNS-1/consortiumPreliminaryAttachment/org/1720847654517.mp3',
  key: 'ANA/uploads/consortiumAssets/CNS-1/consortiumPreliminaryAttachment/org/1720847654517.mp3',
  Key: 'ANA/uploads/consortiumAssets/CNS-1/consortiumPreliminaryAttachment/org/1720847654517.mp3',
  Bucket: 'ana-s3-bucket-01'
}
2024-07-13 05:14:54 +00:00: performConsortiumPreliminaryAttachmentFileUpload : newFileNameWithBaseFolder :  org/1720847694949.mp3
2024-07-13 05:14:55 +00:00: performConsortiumPreliminaryAttachmentFileUpload : File uploaded successfully :  {
  ETag: '"128854302d5b0df07eccf2212e572c66"',
  ServerSideEncryption: 'AES256',
  Location: 'https://ana-s3-bucket-01.s3.amazonaws.com/ANA/uploads/consortiumAssets/CNS-1/consortiumPreliminaryAttachment/org/1720847694949.mp3',
  key: 'ANA/uploads/consortiumAssets/CNS-1/consortiumPreliminaryAttachment/org/1720847694949.mp3',
  Key: 'ANA/uploads/consortiumAssets/CNS-1/consortiumPreliminaryAttachment/org/1720847694949.mp3',
  Bucket: 'ana-s3-bucket-01'
}
2024-07-13 05:15:25 +00:00: (node:504801) Warning: Use Cipheriv for counter mode of aes-256-ctr
2024-07-13 05:15:27 +00:00: (node:504801) [MONGODB DRIVER] Warning: collection.remove is deprecated. Use deleteOne, deleteMany, or bulkWrite instead.
2024-07-13 05:23:08 +00:00: performConsortiumPreliminaryAttachmentFileUpload : newFileNameWithBaseFolder :  org/1720848188119.mp3
2024-07-13 05:23:08 +00:00: performConsortiumPreliminaryAttachmentFileUpload : File uploaded successfully :  {
  ETag: '"191309f51c4fde73a51ce840b0c0c4b9"',
  ServerSideEncryption: 'AES256',
  Location: 'https://ana-s3-bucket-01.s3.amazonaws.com/ANA/uploads/consortiumAssets/CNS-1/consortiumPreliminaryAttachment/org/1720848188119.mp3',
  key: 'ANA/uploads/consortiumAssets/CNS-1/consortiumPreliminaryAttachment/org/1720848188119.mp3',
  Key: 'ANA/uploads/consortiumAssets/CNS-1/consortiumPreliminaryAttachment/org/1720848188119.mp3',
  Bucket: 'ana-s3-bucket-01'
}
2024-07-13 05:23:53 +00:00: performConsortiumPreliminaryAttachmentFileUpload : newFileNameWithBaseFolder :  org/1720848233580.mp3
2024-07-13 05:23:53 +00:00: performConsortiumPreliminaryAttachmentFileUpload : File uploaded successfully :  {
  ETag: '"52d5c2e18c134bc6581e616e2b0b512b"',
  ServerSideEncryption: 'AES256',
  Location: 'https://ana-s3-bucket-01.s3.amazonaws.com/ANA/uploads/consortiumAssets/CNS-1/consortiumPreliminaryAttachment/org/1720848233580.mp3',
  key: 'ANA/uploads/consortiumAssets/CNS-1/consortiumPreliminaryAttachment/org/1720848233580.mp3',
  Key: 'ANA/uploads/consortiumAssets/CNS-1/consortiumPreliminaryAttachment/org/1720848233580.mp3',
  Bucket: 'ana-s3-bucket-01'
}
2024-07-13 11:01:05 +00:00: (node:504801) Warning: Use Cipheriv for counter mode of aes-256-ctr
2024-07-15 08:03:07 +00:00: (node:504801) Warning: Use Cipheriv for counter mode of aes-256-ctr
2024-07-15 08:03:07 +00:00: (node:504801) Warning: Use Cipheriv for counter mode of aes-256-ctr
2024-07-15 08:03:48 +00:00: performConsortiumPreliminaryAttachmentFileUpload : newFileNameWithBaseFolder :  org/1721030628547.mp3
2024-07-15 08:03:48 +00:00: performConsortiumPreliminaryAttachmentFileUpload : File uploaded successfully :  {
  ETag: '"d13d4e6403d0e890d58ca5bbd3960a14"',
  ServerSideEncryption: 'AES256',
  Location: 'https://ana-s3-bucket-01.s3.amazonaws.com/ANA/uploads/consortiumAssets/CNS-1/consortiumPreliminaryAttachment/org/1721030628547.mp3',
  key: 'ANA/uploads/consortiumAssets/CNS-1/consortiumPreliminaryAttachment/org/1721030628547.mp3',
  Key: 'ANA/uploads/consortiumAssets/CNS-1/consortiumPreliminaryAttachment/org/1721030628547.mp3',
  Bucket: 'ana-s3-bucket-01'
}
2024-07-15 08:03:49 +00:00: performConsortiumPreliminaryAttachmentFileUpload : newFileNameWithBaseFolder :  org/1721030629088.mp3
2024-07-15 08:03:49 +00:00: performConsortiumPreliminaryAttachmentFileUpload : newFileNameWithBaseFolder :  org/1721030629188.mp3
2024-07-15 08:03:49 +00:00: performConsortiumPreliminaryAttachmentFileUpload : File uploaded successfully :  {
  ETag: '"d13d4e6403d0e890d58ca5bbd3960a14"',
  ServerSideEncryption: 'AES256',
  Location: 'https://ana-s3-bucket-01.s3.amazonaws.com/ANA/uploads/consortiumAssets/CNS-1/consortiumPreliminaryAttachment/org/1721030629188.mp3',
  key: 'ANA/uploads/consortiumAssets/CNS-1/consortiumPreliminaryAttachment/org/1721030629188.mp3',
  Key: 'ANA/uploads/consortiumAssets/CNS-1/consortiumPreliminaryAttachment/org/1721030629188.mp3',
  Bucket: 'ana-s3-bucket-01'
}
2024-07-15 08:03:49 +00:00: performConsortiumPreliminaryAttachmentFileUpload : File uploaded successfully :  {
  ETag: '"d13d4e6403d0e890d58ca5bbd3960a14"',
  ServerSideEncryption: 'AES256',
  Location: 'https://ana-s3-bucket-01.s3.amazonaws.com/ANA/uploads/consortiumAssets/CNS-1/consortiumPreliminaryAttachment/org/1721030629088.mp3',
  key: 'ANA/uploads/consortiumAssets/CNS-1/consortiumPreliminaryAttachment/org/1721030629088.mp3',
  Key: 'ANA/uploads/consortiumAssets/CNS-1/consortiumPreliminaryAttachment/org/1721030629088.mp3',
  Bucket: 'ana-s3-bucket-01'
}
2024-07-15 08:03:49 +00:00: performConsortiumPreliminaryAttachmentFileUpload : newFileNameWithBaseFolder :  org/1721030629642.mp3
2024-07-15 08:03:49 +00:00: performConsortiumPreliminaryAttachmentFileUpload : File uploaded successfully :  {
  ETag: '"d235bb35704359424b1742e80f7ed1a2"',
  ServerSideEncryption: 'AES256',
  Location: 'https://ana-s3-bucket-01.s3.amazonaws.com/ANA/uploads/consortiumAssets/CNS-1/consortiumPreliminaryAttachment/org/1721030629642.mp3',
  key: 'ANA/uploads/consortiumAssets/CNS-1/consortiumPreliminaryAttachment/org/1721030629642.mp3',
  Key: 'ANA/uploads/consortiumAssets/CNS-1/consortiumPreliminaryAttachment/org/1721030629642.mp3',
  Bucket: 'ana-s3-bucket-01'
}
2024-07-15 08:03:50 +00:00: performConsortiumPreliminaryAttachmentFileUpload : newFileNameWithBaseFolder :  org/1721030630532.m4a
2024-07-15 08:03:50 +00:00: performConsortiumPreliminaryAttachmentFileUpload : File uploaded successfully :  {
  ETag: '"c7cb4cfbf25ef6b3d3bd9b0d9ef77a7e"',
  ServerSideEncryption: 'AES256',
  Location: 'https://ana-s3-bucket-01.s3.amazonaws.com/ANA/uploads/consortiumAssets/CNS-1/consortiumPreliminaryAttachment/org/1721030630532.m4a',
  key: 'ANA/uploads/consortiumAssets/CNS-1/consortiumPreliminaryAttachment/org/1721030630532.m4a',
  Key: 'ANA/uploads/consortiumAssets/CNS-1/consortiumPreliminaryAttachment/org/1721030630532.m4a',
  Bucket: 'ana-s3-bucket-01'
}
2024-07-15 08:03:50 +00:00: performConsortiumPreliminaryAttachmentFileUpload : newFileNameWithBaseFolder :  org/1721030630886.mp3
2024-07-15 08:03:51 +00:00: performConsortiumPreliminaryAttachmentFileUpload : File uploaded successfully :  {
  ETag: '"d235bb35704359424b1742e80f7ed1a2"',
  ServerSideEncryption: 'AES256',
  Location: 'https://ana-s3-bucket-01.s3.amazonaws.com/ANA/uploads/consortiumAssets/CNS-1/consortiumPreliminaryAttachment/org/1721030630886.mp3',
  key: 'ANA/uploads/consortiumAssets/CNS-1/consortiumPreliminaryAttachment/org/1721030630886.mp3',
  Key: 'ANA/uploads/consortiumAssets/CNS-1/consortiumPreliminaryAttachment/org/1721030630886.mp3',
  Bucket: 'ana-s3-bucket-01'
}
2024-07-15 08:46:29 +00:00: (node:504801) Warning: Use Cipheriv for counter mode of aes-256-ctr
2024-07-15 08:46:29 +00:00: (node:504801) Warning: Use Cipheriv for counter mode of aes-256-ctr
2024-07-15 08:47:02 +00:00: performConsortiumPreliminaryAttachmentFileUpload : newFileNameWithBaseFolder :  org/1721033222761.mp3
2024-07-15 08:47:02 +00:00: performConsortiumPreliminaryAttachmentFileUpload : File uploaded successfully :  {
  ETag: '"9389d8792b25fda00327e2d288a292a4"',
  ServerSideEncryption: 'AES256',
  Location: 'https://ana-s3-bucket-01.s3.amazonaws.com/ANA/uploads/consortiumAssets/CNS-1/consortiumPreliminaryAttachment/org/1721033222761.mp3',
  key: 'ANA/uploads/consortiumAssets/CNS-1/consortiumPreliminaryAttachment/org/1721033222761.mp3',
  Key: 'ANA/uploads/consortiumAssets/CNS-1/consortiumPreliminaryAttachment/org/1721033222761.mp3',
  Bucket: 'ana-s3-bucket-01'
}
2024-07-15 08:50:38 +00:00: performConsortiumPreliminaryAttachmentFileUpload : newFileNameWithBaseFolder :  org/1721033438923.mp3
2024-07-15 08:50:39 +00:00: performConsortiumPreliminaryAttachmentFileUpload : File uploaded successfully :  {
  ETag: '"9389d8792b25fda00327e2d288a292a4"',
  ServerSideEncryption: 'AES256',
  Location: 'https://ana-s3-bucket-01.s3.amazonaws.com/ANA/uploads/consortiumAssets/CNS-1/consortiumPreliminaryAttachment/org/1721033438923.mp3',
  key: 'ANA/uploads/consortiumAssets/CNS-1/consortiumPreliminaryAttachment/org/1721033438923.mp3',
  Key: 'ANA/uploads/consortiumAssets/CNS-1/consortiumPreliminaryAttachment/org/1721033438923.mp3',
  Bucket: 'ana-s3-bucket-01'
}
2024-07-15 08:51:37 +00:00: performConsortiumPreliminaryAttachmentFileUpload : newFileNameWithBaseFolder :  org/1721033497270.mp3
2024-07-15 08:51:37 +00:00: performConsortiumPreliminaryAttachmentFileUpload : File uploaded successfully :  {
  ETag: '"9389d8792b25fda00327e2d288a292a4"',
  ServerSideEncryption: 'AES256',
  Location: 'https://ana-s3-bucket-01.s3.amazonaws.com/ANA/uploads/consortiumAssets/CNS-1/consortiumPreliminaryAttachment/org/1721033497270.mp3',
  key: 'ANA/uploads/consortiumAssets/CNS-1/consortiumPreliminaryAttachment/org/1721033497270.mp3',
  Key: 'ANA/uploads/consortiumAssets/CNS-1/consortiumPreliminaryAttachment/org/1721033497270.mp3',
  Bucket: 'ana-s3-bucket-01'
}
2024-07-15 08:51:39 +00:00: performConsortiumPreliminaryAttachmentFileUpload : newFileNameWithBaseFolder :  org/1721033499809.mp3
2024-07-15 08:51:39 +00:00: performConsortiumPreliminaryAttachmentFileUpload : File uploaded successfully :  {
  ETag: '"9389d8792b25fda00327e2d288a292a4"',
  ServerSideEncryption: 'AES256',
  Location: 'https://ana-s3-bucket-01.s3.amazonaws.com/ANA/uploads/consortiumAssets/CNS-1/consortiumPreliminaryAttachment/org/1721033499809.mp3',
  key: 'ANA/uploads/consortiumAssets/CNS-1/consortiumPreliminaryAttachment/org/1721033499809.mp3',
  Key: 'ANA/uploads/consortiumAssets/CNS-1/consortiumPreliminaryAttachment/org/1721033499809.mp3',
  Bucket: 'ana-s3-bucket-01'
}
2024-07-15 08:51:51 +00:00: performConsortiumPreliminaryAttachmentFileUpload : newFileNameWithBaseFolder :  org/1721033511250.mp3
2024-07-15 08:51:51 +00:00: performConsortiumPreliminaryAttachmentFileUpload : File uploaded successfully :  {
  ETag: '"9389d8792b25fda00327e2d288a292a4"',
  ServerSideEncryption: 'AES256',
  Location: 'https://ana-s3-bucket-01.s3.amazonaws.com/ANA/uploads/consortiumAssets/CNS-1/consortiumPreliminaryAttachment/org/1721033511250.mp3',
  key: 'ANA/uploads/consortiumAssets/CNS-1/consortiumPreliminaryAttachment/org/1721033511250.mp3',
  Key: 'ANA/uploads/consortiumAssets/CNS-1/consortiumPreliminaryAttachment/org/1721033511250.mp3',
  Bucket: 'ana-s3-bucket-01'
}
2024-07-15 08:53:02 +00:00: performConsortiumPreliminaryAttachmentFileUpload : newFileNameWithBaseFolder :  org/1721033582415.mp3
2024-07-15 08:53:02 +00:00: performConsortiumPreliminaryAttachmentFileUpload : File uploaded successfully :  {
  ETag: '"9389d8792b25fda00327e2d288a292a4"',
  ServerSideEncryption: 'AES256',
  Location: 'https://ana-s3-bucket-01.s3.amazonaws.com/ANA/uploads/consortiumAssets/CNS-1/consortiumPreliminaryAttachment/org/1721033582415.mp3',
  key: 'ANA/uploads/consortiumAssets/CNS-1/consortiumPreliminaryAttachment/org/1721033582415.mp3',
  Key: 'ANA/uploads/consortiumAssets/CNS-1/consortiumPreliminaryAttachment/org/1721033582415.mp3',
  Bucket: 'ana-s3-bucket-01'
}
2024-07-15 08:53:05 +00:00: performConsortiumPreliminaryAttachmentFileUpload : newFileNameWithBaseFolder :  org/1721033585510.mp3
2024-07-15 08:53:05 +00:00: performConsortiumPreliminaryAttachmentFileUpload : File uploaded successfully :  {
  ETag: '"9389d8792b25fda00327e2d288a292a4"',
  ServerSideEncryption: 'AES256',
  Location: 'https://ana-s3-bucket-01.s3.amazonaws.com/ANA/uploads/consortiumAssets/CNS-1/consortiumPreliminaryAttachment/org/1721033585510.mp3',
  key: 'ANA/uploads/consortiumAssets/CNS-1/consortiumPreliminaryAttachment/org/1721033585510.mp3',
  Key: 'ANA/uploads/consortiumAssets/CNS-1/consortiumPreliminaryAttachment/org/1721033585510.mp3',
  Bucket: 'ana-s3-bucket-01'
}
2024-07-15 08:53:11 +00:00: performConsortiumPreliminaryAttachmentFileUpload : newFileNameWithBaseFolder :  org/1721033591244.mp3
2024-07-15 08:53:11 +00:00: performConsortiumPreliminaryAttachmentFileUpload : File uploaded successfully :  {
  ETag: '"9389d8792b25fda00327e2d288a292a4"',
  ServerSideEncryption: 'AES256',
  Location: 'https://ana-s3-bucket-01.s3.amazonaws.com/ANA/uploads/consortiumAssets/CNS-1/consortiumPreliminaryAttachment/org/1721033591244.mp3',
  key: 'ANA/uploads/consortiumAssets/CNS-1/consortiumPreliminaryAttachment/org/1721033591244.mp3',
  Key: 'ANA/uploads/consortiumAssets/CNS-1/consortiumPreliminaryAttachment/org/1721033591244.mp3',
  Bucket: 'ana-s3-bucket-01'
}
2024-07-15 08:53:11 +00:00: performConsortiumPreliminaryAttachmentFileUpload : newFileNameWithBaseFolder :  org/1721033591559.mp3
2024-07-15 08:53:11 +00:00: performConsortiumPreliminaryAttachmentFileUpload : newFileNameWithBaseFolder :  org/1721033591672.mp3
2024-07-15 08:53:11 +00:00: performConsortiumPreliminaryAttachmentFileUpload : File uploaded successfully :  {
  ETag: '"9389d8792b25fda00327e2d288a292a4"',
  ServerSideEncryption: 'AES256',
  Location: 'https://ana-s3-bucket-01.s3.amazonaws.com/ANA/uploads/consortiumAssets/CNS-1/consortiumPreliminaryAttachment/org/1721033591559.mp3',
  key: 'ANA/uploads/consortiumAssets/CNS-1/consortiumPreliminaryAttachment/org/1721033591559.mp3',
  Key: 'ANA/uploads/consortiumAssets/CNS-1/consortiumPreliminaryAttachment/org/1721033591559.mp3',
  Bucket: 'ana-s3-bucket-01'
}
2024-07-15 08:53:11 +00:00: performConsortiumPreliminaryAttachmentFileUpload : File uploaded successfully :  {
  ETag: '"9389d8792b25fda00327e2d288a292a4"',
  ServerSideEncryption: 'AES256',
  Location: 'https://ana-s3-bucket-01.s3.amazonaws.com/ANA/uploads/consortiumAssets/CNS-1/consortiumPreliminaryAttachment/org/1721033591672.mp3',
  key: 'ANA/uploads/consortiumAssets/CNS-1/consortiumPreliminaryAttachment/org/1721033591672.mp3',
  Key: 'ANA/uploads/consortiumAssets/CNS-1/consortiumPreliminaryAttachment/org/1721033591672.mp3',
  Bucket: 'ana-s3-bucket-01'
}
2024-07-15 08:53:15 +00:00: performConsortiumPreliminaryAttachmentFileUpload : newFileNameWithBaseFolder :  org/1721033595243.mp3
2024-07-15 08:53:15 +00:00: performConsortiumPreliminaryAttachmentFileUpload : File uploaded successfully :  {
  ETag: '"9389d8792b25fda00327e2d288a292a4"',
  ServerSideEncryption: 'AES256',
  Location: 'https://ana-s3-bucket-01.s3.amazonaws.com/ANA/uploads/consortiumAssets/CNS-1/consortiumPreliminaryAttachment/org/1721033595243.mp3',
  key: 'ANA/uploads/consortiumAssets/CNS-1/consortiumPreliminaryAttachment/org/1721033595243.mp3',
  Key: 'ANA/uploads/consortiumAssets/CNS-1/consortiumPreliminaryAttachment/org/1721033595243.mp3',
  Bucket: 'ana-s3-bucket-01'
}
2024-07-15 08:55:14 +00:00: (node:504801) Warning: Use Cipheriv for counter mode of aes-256-ctr
2024-07-15 08:55:14 +00:00: (node:504801) Warning: Use Cipheriv for counter mode of aes-256-ctr
2024-07-15 08:55:54 +00:00: performConsortiumPreliminaryAttachmentFileUpload : newFileNameWithBaseFolder :  org/1721033754638.mp3
2024-07-15 08:55:54 +00:00: performConsortiumPreliminaryAttachmentFileUpload : File uploaded successfully :  {
  ETag: '"894b96d18395ab1fb6b2953285bb78de"',
  ServerSideEncryption: 'AES256',
  Location: 'https://ana-s3-bucket-01.s3.amazonaws.com/ANA/uploads/consortiumAssets/CNS-1/consortiumPreliminaryAttachment/org/1721033754638.mp3',
  key: 'ANA/uploads/consortiumAssets/CNS-1/consortiumPreliminaryAttachment/org/1721033754638.mp3',
  Key: 'ANA/uploads/consortiumAssets/CNS-1/consortiumPreliminaryAttachment/org/1721033754638.mp3',
  Bucket: 'ana-s3-bucket-01'
}
2024-07-15 08:55:55 +00:00: performConsortiumPreliminaryAttachmentFileUpload : newFileNameWithBaseFolder :  org/1721033755853.mp3
2024-07-15 08:55:55 +00:00: performConsortiumPreliminaryAttachmentFileUpload : File uploaded successfully :  {
  ETag: '"894b96d18395ab1fb6b2953285bb78de"',
  ServerSideEncryption: 'AES256',
  Location: 'https://ana-s3-bucket-01.s3.amazonaws.com/ANA/uploads/consortiumAssets/CNS-1/consortiumPreliminaryAttachment/org/1721033755853.mp3',
  key: 'ANA/uploads/consortiumAssets/CNS-1/consortiumPreliminaryAttachment/org/1721033755853.mp3',
  Key: 'ANA/uploads/consortiumAssets/CNS-1/consortiumPreliminaryAttachment/org/1721033755853.mp3',
  Bucket: 'ana-s3-bucket-01'
}
2024-07-15 08:56:01 +00:00: performConsortiumPreliminaryAttachmentFileUpload : newFileNameWithBaseFolder :  org/1721033761213.mp3
2024-07-15 08:56:01 +00:00: performConsortiumPreliminaryAttachmentFileUpload : File uploaded successfully :  {
  ETag: '"bdd76fdeb9ba60e5be9ba041a887f9c6"',
  ServerSideEncryption: 'AES256',
  Location: 'https://ana-s3-bucket-01.s3.amazonaws.com/ANA/uploads/consortiumAssets/CNS-1/consortiumPreliminaryAttachment/org/1721033761213.mp3',
  key: 'ANA/uploads/consortiumAssets/CNS-1/consortiumPreliminaryAttachment/org/1721033761213.mp3',
  Key: 'ANA/uploads/consortiumAssets/CNS-1/consortiumPreliminaryAttachment/org/1721033761213.mp3',
  Bucket: 'ana-s3-bucket-01'
}
2024-07-15 08:56:04 +00:00: performConsortiumPreliminaryAttachmentFileUpload : newFileNameWithBaseFolder :  org/1721033764555.mp3
2024-07-15 08:56:04 +00:00: performConsortiumPreliminaryAttachmentFileUpload : File uploaded successfully :  {
  ETag: '"bdd76fdeb9ba60e5be9ba041a887f9c6"',
  ServerSideEncryption: 'AES256',
  Location: 'https://ana-s3-bucket-01.s3.amazonaws.com/ANA/uploads/consortiumAssets/CNS-1/consortiumPreliminaryAttachment/org/1721033764555.mp3',
  key: 'ANA/uploads/consortiumAssets/CNS-1/consortiumPreliminaryAttachment/org/1721033764555.mp3',
  Key: 'ANA/uploads/consortiumAssets/CNS-1/consortiumPreliminaryAttachment/org/1721033764555.mp3',
  Bucket: 'ana-s3-bucket-01'
}
2024-07-15 08:56:11 +00:00: performConsortiumPreliminaryAttachmentFileUpload : newFileNameWithBaseFolder :  org/1721033771524.mp3
2024-07-15 08:56:11 +00:00: performConsortiumPreliminaryAttachmentFileUpload : File uploaded successfully :  {
  ETag: '"455b8c2c77ca447d23044170dd49836b"',
  ServerSideEncryption: 'AES256',
  Location: 'https://ana-s3-bucket-01.s3.amazonaws.com/ANA/uploads/consortiumAssets/CNS-1/consortiumPreliminaryAttachment/org/1721033771524.mp3',
  key: 'ANA/uploads/consortiumAssets/CNS-1/consortiumPreliminaryAttachment/org/1721033771524.mp3',
  Key: 'ANA/uploads/consortiumAssets/CNS-1/consortiumPreliminaryAttachment/org/1721033771524.mp3',
  Bucket: 'ana-s3-bucket-01'
}
2024-07-15 08:56:14 +00:00: performConsortiumPreliminaryAttachmentFileUpload : newFileNameWithBaseFolder :  org/1721033774253.mp3
2024-07-15 08:56:14 +00:00: performConsortiumPreliminaryAttachmentFileUpload : File uploaded successfully :  {
  ETag: '"bdd76fdeb9ba60e5be9ba041a887f9c6"',
  ServerSideEncryption: 'AES256',
  Location: 'https://ana-s3-bucket-01.s3.amazonaws.com/ANA/uploads/consortiumAssets/CNS-1/consortiumPreliminaryAttachment/org/1721033774253.mp3',
  key: 'ANA/uploads/consortiumAssets/CNS-1/consortiumPreliminaryAttachment/org/1721033774253.mp3',
  Key: 'ANA/uploads/consortiumAssets/CNS-1/consortiumPreliminaryAttachment/org/1721033774253.mp3',
  Bucket: 'ana-s3-bucket-01'
}
2024-07-15 10:49:37 +00:00: (node:504801) Warning: Use Cipheriv for counter mode of aes-256-ctr
2024-07-15 10:49:37 +00:00: (node:504801) Warning: Use Cipheriv for counter mode of aes-256-ctr
2024-07-15 10:49:50 +00:00: performConsortiumPreliminaryAttachmentFileUpload : newFileNameWithBaseFolder :  org/1721040590518.mp3
2024-07-15 10:49:50 +00:00: performConsortiumPreliminaryAttachmentFileUpload : File uploaded successfully :  {
  ETag: '"cdd5a8079dda1acdda848defdd1c256a"',
  ServerSideEncryption: 'AES256',
  Location: 'https://ana-s3-bucket-01.s3.amazonaws.com/ANA/uploads/consortiumAssets/CNS-1/consortiumPreliminaryAttachment/org/1721040590518.mp3',
  key: 'ANA/uploads/consortiumAssets/CNS-1/consortiumPreliminaryAttachment/org/1721040590518.mp3',
  Key: 'ANA/uploads/consortiumAssets/CNS-1/consortiumPreliminaryAttachment/org/1721040590518.mp3',
  Bucket: 'ana-s3-bucket-01'
}
2024-07-15 10:49:51 +00:00: performConsortiumPreliminaryAttachmentFileUpload : newFileNameWithBaseFolder :  org/1721040591399.mp3
2024-07-15 10:49:51 +00:00: performConsortiumPreliminaryAttachmentFileUpload : newFileNameWithBaseFolder :  org/1721040591567.mp3
2024-07-15 10:49:51 +00:00: performConsortiumPreliminaryAttachmentFileUpload : newFileNameWithBaseFolder :  org/1721040591600.mp3
2024-07-15 10:49:51 +00:00: performConsortiumPreliminaryAttachmentFileUpload : File uploaded successfully :  {
  ETag: '"2aded9b378dde5cfab310ec69f59fd24"',
  ServerSideEncryption: 'AES256',
  Location: 'https://ana-s3-bucket-01.s3.amazonaws.com/ANA/uploads/consortiumAssets/CNS-1/consortiumPreliminaryAttachment/org/1721040591399.mp3',
  key: 'ANA/uploads/consortiumAssets/CNS-1/consortiumPreliminaryAttachment/org/1721040591399.mp3',
  Key: 'ANA/uploads/consortiumAssets/CNS-1/consortiumPreliminaryAttachment/org/1721040591399.mp3',
  Bucket: 'ana-s3-bucket-01'
}
2024-07-15 10:49:51 +00:00: performConsortiumPreliminaryAttachmentFileUpload : newFileNameWithBaseFolder :  org/1721040591683.mp3
2024-07-15 10:49:51 +00:00: performConsortiumPreliminaryAttachmentFileUpload : File uploaded successfully :  {
  ETag: '"cdd5a8079dda1acdda848defdd1c256a"',
  ServerSideEncryption: 'AES256',
  Location: 'https://ana-s3-bucket-01.s3.amazonaws.com/ANA/uploads/consortiumAssets/CNS-1/consortiumPreliminaryAttachment/org/1721040591567.mp3',
  key: 'ANA/uploads/consortiumAssets/CNS-1/consortiumPreliminaryAttachment/org/1721040591567.mp3',
  Key: 'ANA/uploads/consortiumAssets/CNS-1/consortiumPreliminaryAttachment/org/1721040591567.mp3',
  Bucket: 'ana-s3-bucket-01'
}
2024-07-15 10:49:51 +00:00: performConsortiumPreliminaryAttachmentFileUpload : File uploaded successfully :  {
  ETag: '"cdd5a8079dda1acdda848defdd1c256a"',
  ServerSideEncryption: 'AES256',
  Location: 'https://ana-s3-bucket-01.s3.amazonaws.com/ANA/uploads/consortiumAssets/CNS-1/consortiumPreliminaryAttachment/org/1721040591600.mp3',
  key: 'ANA/uploads/consortiumAssets/CNS-1/consortiumPreliminaryAttachment/org/1721040591600.mp3',
  Key: 'ANA/uploads/consortiumAssets/CNS-1/consortiumPreliminaryAttachment/org/1721040591600.mp3',
  Bucket: 'ana-s3-bucket-01'
}
2024-07-15 10:49:51 +00:00: performConsortiumPreliminaryAttachmentFileUpload : File uploaded successfully :  {
  ETag: '"2aded9b378dde5cfab310ec69f59fd24"',
  ServerSideEncryption: 'AES256',
  Location: 'https://ana-s3-bucket-01.s3.amazonaws.com/ANA/uploads/consortiumAssets/CNS-1/consortiumPreliminaryAttachment/org/1721040591683.mp3',
  key: 'ANA/uploads/consortiumAssets/CNS-1/consortiumPreliminaryAttachment/org/1721040591683.mp3',
  Key: 'ANA/uploads/consortiumAssets/CNS-1/consortiumPreliminaryAttachment/org/1721040591683.mp3',
  Bucket: 'ana-s3-bucket-01'
}
2024-07-15 10:49:52 +00:00: performConsortiumPreliminaryAttachmentFileUpload : newFileNameWithBaseFolder :  org/1721040592771.mp3
2024-07-15 10:49:52 +00:00: performConsortiumPreliminaryAttachmentFileUpload : File uploaded successfully :  {
  ETag: '"cdd5a8079dda1acdda848defdd1c256a"',
  ServerSideEncryption: 'AES256',
  Location: 'https://ana-s3-bucket-01.s3.amazonaws.com/ANA/uploads/consortiumAssets/CNS-1/consortiumPreliminaryAttachment/org/1721040592771.mp3',
  key: 'ANA/uploads/consortiumAssets/CNS-1/consortiumPreliminaryAttachment/org/1721040592771.mp3',
  Key: 'ANA/uploads/consortiumAssets/CNS-1/consortiumPreliminaryAttachment/org/1721040592771.mp3',
  Bucket: 'ana-s3-bucket-01'
}
2024-07-15 10:50:19 +00:00: performConsortiumPreliminaryAttachmentFileUpload : newFileNameWithBaseFolder :  org/1721040619541.mp3
2024-07-15 10:50:19 +00:00: performConsortiumPreliminaryAttachmentFileUpload : File uploaded successfully :  {
  ETag: '"cdd5a8079dda1acdda848defdd1c256a"',
  ServerSideEncryption: 'AES256',
  Location: 'https://ana-s3-bucket-01.s3.amazonaws.com/ANA/uploads/consortiumAssets/CNS-1/consortiumPreliminaryAttachment/org/1721040619541.mp3',
  key: 'ANA/uploads/consortiumAssets/CNS-1/consortiumPreliminaryAttachment/org/1721040619541.mp3',
  Key: 'ANA/uploads/consortiumAssets/CNS-1/consortiumPreliminaryAttachment/org/1721040619541.mp3',
  Bucket: 'ana-s3-bucket-01'
}
2024-07-16 05:04:15 +00:00: (node:504801) Warning: Use Cipheriv for counter mode of aes-256-ctr
2024-07-16 06:16:30 +00:00: (node:504801) Warning: Use Cipheriv for counter mode of aes-256-ctr
2024-07-16 08:14:19 +00:00: (node:504801) Warning: Use Cipheriv for counter mode of aes-256-ctr
2024-07-16 08:14:19 +00:00: (node:504801) Warning: Use Cipheriv for counter mode of aes-256-ctr
2024-07-16 08:14:19 +00:00: (node:504801) Warning: Use Cipheriv for counter mode of aes-256-ctr
2024-07-16 08:14:19 +00:00: (node:504801) Warning: Use Cipheriv for counter mode of aes-256-ctr
2024-07-17 07:38:30 +00:00: performConsortiumPreliminaryAttachmentFileUpload : newFileNameWithBaseFolder :  org/1721201910067.mp3
2024-07-17 07:38:30 +00:00: performConsortiumPreliminaryAttachmentFileUpload : newFileNameWithBaseFolder :  org/1721201910242.mp3
2024-07-17 07:38:30 +00:00: performConsortiumPreliminaryAttachmentFileUpload : File uploaded successfully :  {
  ETag: '"5a452ee63482aa1824acc738e10cdd68"',
  ServerSideEncryption: 'AES256',
  Location: 'https://ana-s3-bucket-01.s3.amazonaws.com/ANA/uploads/consortiumAssets/CNS-1/consortiumPreliminaryAttachment/org/1721201910067.mp3',
  key: 'ANA/uploads/consortiumAssets/CNS-1/consortiumPreliminaryAttachment/org/1721201910067.mp3',
  Key: 'ANA/uploads/consortiumAssets/CNS-1/consortiumPreliminaryAttachment/org/1721201910067.mp3',
  Bucket: 'ana-s3-bucket-01'
}
2024-07-17 07:38:30 +00:00: performConsortiumPreliminaryAttachmentFileUpload : File uploaded successfully :  {
  ETag: '"9389d8792b25fda00327e2d288a292a4"',
  ServerSideEncryption: 'AES256',
  Location: 'https://ana-s3-bucket-01.s3.amazonaws.com/ANA/uploads/consortiumAssets/CNS-1/consortiumPreliminaryAttachment/org/1721201910242.mp3',
  key: 'ANA/uploads/consortiumAssets/CNS-1/consortiumPreliminaryAttachment/org/1721201910242.mp3',
  Key: 'ANA/uploads/consortiumAssets/CNS-1/consortiumPreliminaryAttachment/org/1721201910242.mp3',
  Bucket: 'ana-s3-bucket-01'
}
2024-07-17 07:38:33 +00:00: performConsortiumPreliminaryAttachmentFileUpload : newFileNameWithBaseFolder :  org/1721201913125.mp3
2024-07-17 07:38:33 +00:00: performConsortiumPreliminaryAttachmentFileUpload : File uploaded successfully :  {
  ETag: '"9389d8792b25fda00327e2d288a292a4"',
  ServerSideEncryption: 'AES256',
  Location: 'https://ana-s3-bucket-01.s3.amazonaws.com/ANA/uploads/consortiumAssets/CNS-1/consortiumPreliminaryAttachment/org/1721201913125.mp3',
  key: 'ANA/uploads/consortiumAssets/CNS-1/consortiumPreliminaryAttachment/org/1721201913125.mp3',
  Key: 'ANA/uploads/consortiumAssets/CNS-1/consortiumPreliminaryAttachment/org/1721201913125.mp3',
  Bucket: 'ana-s3-bucket-01'
}
2024-07-17 07:59:22 +00:00: (node:504801) Warning: Use Cipheriv for counter mode of aes-256-ctr
2024-07-17 07:59:22 +00:00: (node:504801) Warning: Use Cipheriv for counter mode of aes-256-ctr
2024-07-17 07:59:39 +00:00: (node:504801) Warning: Use Cipheriv for counter mode of aes-256-ctr
2024-07-17 07:59:39 +00:00: (node:504801) Warning: Use Cipheriv for counter mode of aes-256-ctr
2024-07-17 09:01:56 +00:00: (node:504801) Warning: Use Cipheriv for counter mode of aes-256-ctr
2024-07-17 09:01:56 +00:00: (node:504801) Warning: Use Cipheriv for counter mode of aes-256-ctr
2024-07-17 09:02:41 +00:00: performConsortiumPreliminaryAttachmentFileUpload : newFileNameWithBaseFolder :  org/1721206961782.mp3
2024-07-17 09:02:41 +00:00: performConsortiumPreliminaryAttachmentFileUpload : File uploaded successfully :  {
  ETag: '"cdd5a8079dda1acdda848defdd1c256a"',
  ServerSideEncryption: 'AES256',
  Location: 'https://ana-s3-bucket-01.s3.amazonaws.com/ANA/uploads/consortiumAssets/CNS-1/consortiumPreliminaryAttachment/org/1721206961782.mp3',
  key: 'ANA/uploads/consortiumAssets/CNS-1/consortiumPreliminaryAttachment/org/1721206961782.mp3',
  Key: 'ANA/uploads/consortiumAssets/CNS-1/consortiumPreliminaryAttachment/org/1721206961782.mp3',
  Bucket: 'ana-s3-bucket-01'
}
2024-07-17 09:03:34 +00:00: performConsortiumPreliminaryAttachmentFileUpload : newFileNameWithBaseFolder :  org/1721207014018.mp3
2024-07-17 09:03:34 +00:00: performConsortiumPreliminaryAttachmentFileUpload : File uploaded successfully :  {
  ETag: '"d41d8cd98f00b204e9800998ecf8427e"',
  ServerSideEncryption: 'AES256',
  Location: 'https://ana-s3-bucket-01.s3.amazonaws.com/ANA/uploads/consortiumAssets/CNS-1/consortiumPreliminaryAttachment/org/1721207014018.mp3',
  key: 'ANA/uploads/consortiumAssets/CNS-1/consortiumPreliminaryAttachment/org/1721207014018.mp3',
  Key: 'ANA/uploads/consortiumAssets/CNS-1/consortiumPreliminaryAttachment/org/1721207014018.mp3',
  Bucket: 'ana-s3-bucket-01'
}
2024-07-17 09:03:40 +00:00: performConsortiumPreliminaryAttachmentFileUpload : newFileNameWithBaseFolder :  org/1721207020179.mp3
2024-07-17 09:03:40 +00:00: performConsortiumPreliminaryAttachmentFileUpload : File uploaded successfully :  {
  ETag: '"9389d8792b25fda00327e2d288a292a4"',
  ServerSideEncryption: 'AES256',
  Location: 'https://ana-s3-bucket-01.s3.amazonaws.com/ANA/uploads/consortiumAssets/CNS-1/consortiumPreliminaryAttachment/org/1721207020179.mp3',
  key: 'ANA/uploads/consortiumAssets/CNS-1/consortiumPreliminaryAttachment/org/1721207020179.mp3',
  Key: 'ANA/uploads/consortiumAssets/CNS-1/consortiumPreliminaryAttachment/org/1721207020179.mp3',
  Bucket: 'ana-s3-bucket-01'
}
2024-07-17 09:03:41 +00:00: performConsortiumPreliminaryAttachmentFileUpload : newFileNameWithBaseFolder :  org/1721207021642.mp3
2024-07-17 09:03:41 +00:00: performConsortiumPreliminaryAttachmentFileUpload : File uploaded successfully :  {
  ETag: '"9389d8792b25fda00327e2d288a292a4"',
  ServerSideEncryption: 'AES256',
  Location: 'https://ana-s3-bucket-01.s3.amazonaws.com/ANA/uploads/consortiumAssets/CNS-1/consortiumPreliminaryAttachment/org/1721207021642.mp3',
  key: 'ANA/uploads/consortiumAssets/CNS-1/consortiumPreliminaryAttachment/org/1721207021642.mp3',
  Key: 'ANA/uploads/consortiumAssets/CNS-1/consortiumPreliminaryAttachment/org/1721207021642.mp3',
  Bucket: 'ana-s3-bucket-01'
}
2024-07-17 09:03:41 +00:00: performConsortiumPreliminaryAttachmentFileUpload : newFileNameWithBaseFolder :  org/1721207021865.mp3
2024-07-17 09:03:41 +00:00: performConsortiumPreliminaryAttachmentFileUpload : File uploaded successfully :  {
  ETag: '"8681e85817025348eb97ffbab184bcbc"',
  ServerSideEncryption: 'AES256',
  Location: 'https://ana-s3-bucket-01.s3.amazonaws.com/ANA/uploads/consortiumAssets/CNS-1/consortiumPreliminaryAttachment/org/1721207021865.mp3',
  key: 'ANA/uploads/consortiumAssets/CNS-1/consortiumPreliminaryAttachment/org/1721207021865.mp3',
  Key: 'ANA/uploads/consortiumAssets/CNS-1/consortiumPreliminaryAttachment/org/1721207021865.mp3',
  Bucket: 'ana-s3-bucket-01'
}
2024-07-17 09:05:17 +00:00: (node:504801) Warning: Use Cipheriv for counter mode of aes-256-ctr
2024-07-17 09:05:17 +00:00: (node:504801) Warning: Use Cipheriv for counter mode of aes-256-ctr
2024-07-17 09:06:03 +00:00: performConsortiumPreliminaryAttachmentFileUpload : newFileNameWithBaseFolder :  org/1721207163854.mp3
2024-07-17 09:06:04 +00:00: performConsortiumPreliminaryAttachmentFileUpload : File uploaded successfully :  {
  ETag: '"cdd5a8079dda1acdda848defdd1c256a"',
  ServerSideEncryption: 'AES256',
  Location: 'https://ana-s3-bucket-01.s3.amazonaws.com/ANA/uploads/consortiumAssets/CNS-1/consortiumPreliminaryAttachment/org/1721207163854.mp3',
  key: 'ANA/uploads/consortiumAssets/CNS-1/consortiumPreliminaryAttachment/org/1721207163854.mp3',
  Key: 'ANA/uploads/consortiumAssets/CNS-1/consortiumPreliminaryAttachment/org/1721207163854.mp3',
  Bucket: 'ana-s3-bucket-01'
}
2024-07-17 09:06:05 +00:00: performConsortiumPreliminaryAttachmentFileUpload : newFileNameWithBaseFolder :  org/1721207165544.mp3
2024-07-17 09:06:05 +00:00: performConsortiumPreliminaryAttachmentFileUpload : newFileNameWithBaseFolder :  org/1721207165563.mp3
2024-07-17 09:06:05 +00:00: performConsortiumPreliminaryAttachmentFileUpload : File uploaded successfully :  {
  ETag: '"2aded9b378dde5cfab310ec69f59fd24"',
  ServerSideEncryption: 'AES256',
  Location: 'https://ana-s3-bucket-01.s3.amazonaws.com/ANA/uploads/consortiumAssets/CNS-1/consortiumPreliminaryAttachment/org/1721207165544.mp3',
  key: 'ANA/uploads/consortiumAssets/CNS-1/consortiumPreliminaryAttachment/org/1721207165544.mp3',
  Key: 'ANA/uploads/consortiumAssets/CNS-1/consortiumPreliminaryAttachment/org/1721207165544.mp3',
  Bucket: 'ana-s3-bucket-01'
}
2024-07-17 09:06:05 +00:00: performConsortiumPreliminaryAttachmentFileUpload : File uploaded successfully :  {
  ETag: '"cdd5a8079dda1acdda848defdd1c256a"',
  ServerSideEncryption: 'AES256',
  Location: 'https://ana-s3-bucket-01.s3.amazonaws.com/ANA/uploads/consortiumAssets/CNS-1/consortiumPreliminaryAttachment/org/1721207165563.mp3',
  key: 'ANA/uploads/consortiumAssets/CNS-1/consortiumPreliminaryAttachment/org/1721207165563.mp3',
  Key: 'ANA/uploads/consortiumAssets/CNS-1/consortiumPreliminaryAttachment/org/1721207165563.mp3',
  Bucket: 'ana-s3-bucket-01'
}
2024-07-17 09:06:05 +00:00: performConsortiumPreliminaryAttachmentFileUpload : newFileNameWithBaseFolder :  org/1721207165912.mp3
2024-07-17 09:06:06 +00:00: performConsortiumPreliminaryAttachmentFileUpload : File uploaded successfully :  {
  ETag: '"cdd5a8079dda1acdda848defdd1c256a"',
  ServerSideEncryption: 'AES256',
  Location: 'https://ana-s3-bucket-01.s3.amazonaws.com/ANA/uploads/consortiumAssets/CNS-1/consortiumPreliminaryAttachment/org/1721207165912.mp3',
  key: 'ANA/uploads/consortiumAssets/CNS-1/consortiumPreliminaryAttachment/org/1721207165912.mp3',
  Key: 'ANA/uploads/consortiumAssets/CNS-1/consortiumPreliminaryAttachment/org/1721207165912.mp3',
  Bucket: 'ana-s3-bucket-01'
}
2024-07-17 09:06:06 +00:00: performConsortiumPreliminaryAttachmentFileUpload : newFileNameWithBaseFolder :  org/1721207166531.mp3
2024-07-17 09:06:06 +00:00: performConsortiumPreliminaryAttachmentFileUpload : File uploaded successfully :  {
  ETag: '"2aded9b378dde5cfab310ec69f59fd24"',
  ServerSideEncryption: 'AES256',
  Location: 'https://ana-s3-bucket-01.s3.amazonaws.com/ANA/uploads/consortiumAssets/CNS-1/consortiumPreliminaryAttachment/org/1721207166531.mp3',
  key: 'ANA/uploads/consortiumAssets/CNS-1/consortiumPreliminaryAttachment/org/1721207166531.mp3',
  Key: 'ANA/uploads/consortiumAssets/CNS-1/consortiumPreliminaryAttachment/org/1721207166531.mp3',
  Bucket: 'ana-s3-bucket-01'
}
2024-07-17 09:06:06 +00:00: performConsortiumPreliminaryAttachmentFileUpload : newFileNameWithBaseFolder :  org/1721207166939.mp3
2024-07-17 09:06:07 +00:00: performConsortiumPreliminaryAttachmentFileUpload : File uploaded successfully :  {
  ETag: '"cdd5a8079dda1acdda848defdd1c256a"',
  ServerSideEncryption: 'AES256',
  Location: 'https://ana-s3-bucket-01.s3.amazonaws.com/ANA/uploads/consortiumAssets/CNS-1/consortiumPreliminaryAttachment/org/1721207166939.mp3',
  key: 'ANA/uploads/consortiumAssets/CNS-1/consortiumPreliminaryAttachment/org/1721207166939.mp3',
  Key: 'ANA/uploads/consortiumAssets/CNS-1/consortiumPreliminaryAttachment/org/1721207166939.mp3',
  Bucket: 'ana-s3-bucket-01'
}
2024-07-17 09:59:49 +00:00: performConsortiumPreliminaryAttachmentFileUpload : newFileNameWithBaseFolder :  org/1721210389949.mp3
2024-07-17 09:59:50 +00:00: performConsortiumPreliminaryAttachmentFileUpload : File uploaded successfully :  {
  ETag: '"128854302d5b0df07eccf2212e572c66"',
  ServerSideEncryption: 'AES256',
  Location: 'https://ana-s3-bucket-01.s3.amazonaws.com/ANA/uploads/consortiumAssets/CNS-1/consortiumPreliminaryAttachment/org/1721210389949.mp3',
  key: 'ANA/uploads/consortiumAssets/CNS-1/consortiumPreliminaryAttachment/org/1721210389949.mp3',
  Key: 'ANA/uploads/consortiumAssets/CNS-1/consortiumPreliminaryAttachment/org/1721210389949.mp3',
  Bucket: 'ana-s3-bucket-01'
}
2024-07-17 10:00:39 +00:00: performConsortiumPreliminaryAttachmentFileUpload : newFileNameWithBaseFolder :  org/1721210439840.mp3
2024-07-17 10:00:40 +00:00: performConsortiumPreliminaryAttachmentFileUpload : File uploaded successfully :  {
  ETag: '"c7be1e89bf40635fd1a1def2c91d1f14"',
  ServerSideEncryption: 'AES256',
  Location: 'https://ana-s3-bucket-01.s3.amazonaws.com/ANA/uploads/consortiumAssets/CNS-1/consortiumPreliminaryAttachment/org/1721210439840.mp3',
  key: 'ANA/uploads/consortiumAssets/CNS-1/consortiumPreliminaryAttachment/org/1721210439840.mp3',
  Key: 'ANA/uploads/consortiumAssets/CNS-1/consortiumPreliminaryAttachment/org/1721210439840.mp3',
  Bucket: 'ana-s3-bucket-01'
}
2024-07-17 10:02:14 +00:00: performConsortiumPreliminaryAttachmentFileUpload : newFileNameWithBaseFolder :  org/1721210534620.mp3
2024-07-17 10:02:14 +00:00: performConsortiumPreliminaryAttachmentFileUpload : File uploaded successfully :  {
  ETag: '"c7be1e89bf40635fd1a1def2c91d1f14"',
  ServerSideEncryption: 'AES256',
  Location: 'https://ana-s3-bucket-01.s3.amazonaws.com/ANA/uploads/consortiumAssets/CNS-1/consortiumPreliminaryAttachment/org/1721210534620.mp3',
  key: 'ANA/uploads/consortiumAssets/CNS-1/consortiumPreliminaryAttachment/org/1721210534620.mp3',
  Key: 'ANA/uploads/consortiumAssets/CNS-1/consortiumPreliminaryAttachment/org/1721210534620.mp3',
  Bucket: 'ana-s3-bucket-01'
}
2024-07-17 11:15:57 +00:00: performConsortiumPreliminaryAttachmentFileUpload : newFileNameWithBaseFolder :  org/1721214957457.mp3
2024-07-17 11:15:57 +00:00: performConsortiumPreliminaryAttachmentFileUpload : File uploaded successfully :  {
  ETag: '"cdd5a8079dda1acdda848defdd1c256a"',
  ServerSideEncryption: 'AES256',
  Location: 'https://ana-s3-bucket-01.s3.amazonaws.com/ANA/uploads/consortiumAssets/CNS-1/consortiumPreliminaryAttachment/org/1721214957457.mp3',
  key: 'ANA/uploads/consortiumAssets/CNS-1/consortiumPreliminaryAttachment/org/1721214957457.mp3',
  Key: 'ANA/uploads/consortiumAssets/CNS-1/consortiumPreliminaryAttachment/org/1721214957457.mp3',
  Bucket: 'ana-s3-bucket-01'
}
2024-07-17 11:15:57 +00:00: performConsortiumPreliminaryAttachmentFileUpload : newFileNameWithBaseFolder :  org/1721214957928.mp3
2024-07-17 11:15:58 +00:00: performConsortiumPreliminaryAttachmentFileUpload : File uploaded successfully :  {
  ETag: '"cdd5a8079dda1acdda848defdd1c256a"',
  ServerSideEncryption: 'AES256',
  Location: 'https://ana-s3-bucket-01.s3.amazonaws.com/ANA/uploads/consortiumAssets/CNS-1/consortiumPreliminaryAttachment/org/1721214957928.mp3',
  key: 'ANA/uploads/consortiumAssets/CNS-1/consortiumPreliminaryAttachment/org/1721214957928.mp3',
  Key: 'ANA/uploads/consortiumAssets/CNS-1/consortiumPreliminaryAttachment/org/1721214957928.mp3',
  Bucket: 'ana-s3-bucket-01'
}
2024-07-17 11:15:58 +00:00: performConsortiumPreliminaryAttachmentFileUpload : newFileNameWithBaseFolder :  org/1721214958140.mp3
2024-07-17 11:15:58 +00:00: performConsortiumPreliminaryAttachmentFileUpload : File uploaded successfully :  {
  ETag: '"cdd5a8079dda1acdda848defdd1c256a"',
  ServerSideEncryption: 'AES256',
  Location: 'https://ana-s3-bucket-01.s3.amazonaws.com/ANA/uploads/consortiumAssets/CNS-1/consortiumPreliminaryAttachment/org/1721214958140.mp3',
  key: 'ANA/uploads/consortiumAssets/CNS-1/consortiumPreliminaryAttachment/org/1721214958140.mp3',
  Key: 'ANA/uploads/consortiumAssets/CNS-1/consortiumPreliminaryAttachment/org/1721214958140.mp3',
  Bucket: 'ana-s3-bucket-01'
}
2024-07-17 11:15:58 +00:00: performConsortiumPreliminaryAttachmentFileUpload : newFileNameWithBaseFolder :  org/1721214958775.mp3
2024-07-17 11:15:58 +00:00: performConsortiumPreliminaryAttachmentFileUpload : newFileNameWithBaseFolder :  org/1721214958831.mp3
2024-07-17 11:15:58 +00:00: performConsortiumPreliminaryAttachmentFileUpload : newFileNameWithBaseFolder :  org/1721214958926.mp3
2024-07-17 11:15:59 +00:00: performConsortiumPreliminaryAttachmentFileUpload : File uploaded successfully :  {
  ETag: '"cdd5a8079dda1acdda848defdd1c256a"',
  ServerSideEncryption: 'AES256',
  Location: 'https://ana-s3-bucket-01.s3.amazonaws.com/ANA/uploads/consortiumAssets/CNS-1/consortiumPreliminaryAttachment/org/1721214958831.mp3',
  key: 'ANA/uploads/consortiumAssets/CNS-1/consortiumPreliminaryAttachment/org/1721214958831.mp3',
  Key: 'ANA/uploads/consortiumAssets/CNS-1/consortiumPreliminaryAttachment/org/1721214958831.mp3',
  Bucket: 'ana-s3-bucket-01'
}
2024-07-17 11:15:59 +00:00: performConsortiumPreliminaryAttachmentFileUpload : File uploaded successfully :  {
  ETag: '"2aded9b378dde5cfab310ec69f59fd24"',
  ServerSideEncryption: 'AES256',
  Location: 'https://ana-s3-bucket-01.s3.amazonaws.com/ANA/uploads/consortiumAssets/CNS-1/consortiumPreliminaryAttachment/org/1721214958926.mp3',
  key: 'ANA/uploads/consortiumAssets/CNS-1/consortiumPreliminaryAttachment/org/1721214958926.mp3',
  Key: 'ANA/uploads/consortiumAssets/CNS-1/consortiumPreliminaryAttachment/org/1721214958926.mp3',
  Bucket: 'ana-s3-bucket-01'
}
2024-07-17 11:15:59 +00:00: performConsortiumPreliminaryAttachmentFileUpload : File uploaded successfully :  {
  ETag: '"2aded9b378dde5cfab310ec69f59fd24"',
  ServerSideEncryption: 'AES256',
  Location: 'https://ana-s3-bucket-01.s3.amazonaws.com/ANA/uploads/consortiumAssets/CNS-1/consortiumPreliminaryAttachment/org/1721214958775.mp3',
  key: 'ANA/uploads/consortiumAssets/CNS-1/consortiumPreliminaryAttachment/org/1721214958775.mp3',
  Key: 'ANA/uploads/consortiumAssets/CNS-1/consortiumPreliminaryAttachment/org/1721214958775.mp3',
  Bucket: 'ana-s3-bucket-01'
}
2024-07-17 11:22:33 +00:00: performConsortiumPreliminaryAttachmentFileUpload : newFileNameWithBaseFolder :  org/1721215353416.mp3
2024-07-17 11:22:33 +00:00: performConsortiumPreliminaryAttachmentFileUpload : File uploaded successfully :  {
  ETag: '"9389d8792b25fda00327e2d288a292a4"',
  ServerSideEncryption: 'AES256',
  Location: 'https://ana-s3-bucket-01.s3.amazonaws.com/ANA/uploads/consortiumAssets/CNS-1/consortiumPreliminaryAttachment/org/1721215353416.mp3',
  key: 'ANA/uploads/consortiumAssets/CNS-1/consortiumPreliminaryAttachment/org/1721215353416.mp3',
  Key: 'ANA/uploads/consortiumAssets/CNS-1/consortiumPreliminaryAttachment/org/1721215353416.mp3',
  Bucket: 'ana-s3-bucket-01'
}
2024-07-18 06:19:47 +00:00: (node:504801) Warning: Use Cipheriv for counter mode of aes-256-ctr
2024-07-18 06:19:47 +00:00: (node:504801) Warning: Use Cipheriv for counter mode of aes-256-ctr
2024-07-18 06:23:21 +00:00: performConsortiumPreliminaryAttachmentFileUpload : newFileNameWithBaseFolder :  org/1721283801772.mp3
2024-07-18 06:23:21 +00:00: performConsortiumPreliminaryAttachmentFileUpload : File uploaded successfully :  {
  ETag: '"14241ec42bfa34f37443b054edb79a2c"',
  ServerSideEncryption: 'AES256',
  Location: 'https://ana-s3-bucket-01.s3.amazonaws.com/ANA/uploads/consortiumAssets/CNS-1/consortiumPreliminaryAttachment/org/1721283801772.mp3',
  key: 'ANA/uploads/consortiumAssets/CNS-1/consortiumPreliminaryAttachment/org/1721283801772.mp3',
  Key: 'ANA/uploads/consortiumAssets/CNS-1/consortiumPreliminaryAttachment/org/1721283801772.mp3',
  Bucket: 'ana-s3-bucket-01'
}
2024-07-18 06:23:48 +00:00: performConsortiumPreliminaryAttachmentFileUpload : newFileNameWithBaseFolder :  org/1721283828640.mp3
2024-07-18 06:23:48 +00:00: performConsortiumPreliminaryAttachmentFileUpload : File uploaded successfully :  {
  ETag: '"90f593371d1af7b3c6ec4082b2ceeaaf"',
  ServerSideEncryption: 'AES256',
  Location: 'https://ana-s3-bucket-01.s3.amazonaws.com/ANA/uploads/consortiumAssets/CNS-1/consortiumPreliminaryAttachment/org/1721283828640.mp3',
  key: 'ANA/uploads/consortiumAssets/CNS-1/consortiumPreliminaryAttachment/org/1721283828640.mp3',
  Key: 'ANA/uploads/consortiumAssets/CNS-1/consortiumPreliminaryAttachment/org/1721283828640.mp3',
  Bucket: 'ana-s3-bucket-01'
}
2024-07-18 06:24:23 +00:00: performConsortiumPreliminaryAttachmentFileUpload : newFileNameWithBaseFolder :  org/1721283863503.mp3
2024-07-18 06:24:23 +00:00: performConsortiumPreliminaryAttachmentFileUpload : File uploaded successfully :  {
  ETag: '"2f10f3d69de062a6930fe8d0fc887f09"',
  ServerSideEncryption: 'AES256',
  Location: 'https://ana-s3-bucket-01.s3.amazonaws.com/ANA/uploads/consortiumAssets/CNS-1/consortiumPreliminaryAttachment/org/1721283863503.mp3',
  key: 'ANA/uploads/consortiumAssets/CNS-1/consortiumPreliminaryAttachment/org/1721283863503.mp3',
  Key: 'ANA/uploads/consortiumAssets/CNS-1/consortiumPreliminaryAttachment/org/1721283863503.mp3',
  Bucket: 'ana-s3-bucket-01'
}
2024-07-18 06:24:47 +00:00: performConsortiumPreliminaryAttachmentFileUpload : newFileNameWithBaseFolder :  org/1721283887566.mp3
2024-07-18 06:24:47 +00:00: performConsortiumPreliminaryAttachmentFileUpload : File uploaded successfully :  {
  ETag: '"30746cced83341c64900069d3e525ab8"',
  ServerSideEncryption: 'AES256',
  Location: 'https://ana-s3-bucket-01.s3.amazonaws.com/ANA/uploads/consortiumAssets/CNS-1/consortiumPreliminaryAttachment/org/1721283887566.mp3',
  key: 'ANA/uploads/consortiumAssets/CNS-1/consortiumPreliminaryAttachment/org/1721283887566.mp3',
  Key: 'ANA/uploads/consortiumAssets/CNS-1/consortiumPreliminaryAttachment/org/1721283887566.mp3',
  Bucket: 'ana-s3-bucket-01'
}
2024-07-18 06:28:47 +00:00: performConsortiumPreliminaryAttachmentFileUpload : newFileNameWithBaseFolder :  org/1721284127192.mp3
2024-07-18 06:28:47 +00:00: performConsortiumPreliminaryAttachmentFileUpload : File uploaded successfully :  {
  ETag: '"e77abbabcd7e5ac41c8c01142cf1d125"',
  ServerSideEncryption: 'AES256',
  Location: 'https://ana-s3-bucket-01.s3.amazonaws.com/ANA/uploads/consortiumAssets/CNS-1/consortiumPreliminaryAttachment/org/1721284127192.mp3',
  key: 'ANA/uploads/consortiumAssets/CNS-1/consortiumPreliminaryAttachment/org/1721284127192.mp3',
  Key: 'ANA/uploads/consortiumAssets/CNS-1/consortiumPreliminaryAttachment/org/1721284127192.mp3',
  Bucket: 'ana-s3-bucket-01'
}
2024-07-18 06:28:48 +00:00: performConsortiumPreliminaryAttachmentFileUpload : newFileNameWithBaseFolder :  org/1721284128488.mp3
2024-07-18 06:28:48 +00:00: performConsortiumPreliminaryAttachmentFileUpload : File uploaded successfully :  {
  ServerSideEncryption: 'AES256',
  Location: 'https://ana-s3-bucket-01.s3.amazonaws.com/ANA/uploads/consortiumAssets/CNS-1/consortiumPreliminaryAttachment/org/1721284128488.mp3',
  Bucket: 'ana-s3-bucket-01',
  Key: 'ANA/uploads/consortiumAssets/CNS-1/consortiumPreliminaryAttachment/org/1721284128488.mp3',
  ETag: '"913b701aeaffcc122be6f052c96c7ed2-2"'
}
2024-07-18 06:28:50 +00:00: performConsortiumPreliminaryAttachmentFileUpload : newFileNameWithBaseFolder :  org/1721284130235.mp3
2024-07-18 06:28:50 +00:00: performConsortiumPreliminaryAttachmentFileUpload : File uploaded successfully :  {
  ETag: '"e77abbabcd7e5ac41c8c01142cf1d125"',
  ServerSideEncryption: 'AES256',
  Location: 'https://ana-s3-bucket-01.s3.amazonaws.com/ANA/uploads/consortiumAssets/CNS-1/consortiumPreliminaryAttachment/org/1721284130235.mp3',
  key: 'ANA/uploads/consortiumAssets/CNS-1/consortiumPreliminaryAttachment/org/1721284130235.mp3',
  Key: 'ANA/uploads/consortiumAssets/CNS-1/consortiumPreliminaryAttachment/org/1721284130235.mp3',
  Bucket: 'ana-s3-bucket-01'
}
2024-07-18 06:28:52 +00:00: performConsortiumPreliminaryAttachmentFileUpload : newFileNameWithBaseFolder :  org/1721284132658.mp3
2024-07-18 06:28:52 +00:00: performConsortiumPreliminaryAttachmentFileUpload : File uploaded successfully :  {
  ETag: '"e77abbabcd7e5ac41c8c01142cf1d125"',
  ServerSideEncryption: 'AES256',
  Location: 'https://ana-s3-bucket-01.s3.amazonaws.com/ANA/uploads/consortiumAssets/CNS-1/consortiumPreliminaryAttachment/org/1721284132658.mp3',
  key: 'ANA/uploads/consortiumAssets/CNS-1/consortiumPreliminaryAttachment/org/1721284132658.mp3',
  Key: 'ANA/uploads/consortiumAssets/CNS-1/consortiumPreliminaryAttachment/org/1721284132658.mp3',
  Bucket: 'ana-s3-bucket-01'
}
2024-07-18 06:28:57 +00:00: performConsortiumPreliminaryAttachmentFileUpload : newFileNameWithBaseFolder :  org/1721284137996.mp3
2024-07-18 06:28:58 +00:00: performConsortiumPreliminaryAttachmentFileUpload : File uploaded successfully :  {
  ServerSideEncryption: 'AES256',
  Location: 'https://ana-s3-bucket-01.s3.amazonaws.com/ANA/uploads/consortiumAssets/CNS-1/consortiumPreliminaryAttachment/org/1721284137996.mp3',
  Bucket: 'ana-s3-bucket-01',
  Key: 'ANA/uploads/consortiumAssets/CNS-1/consortiumPreliminaryAttachment/org/1721284137996.mp3',
  ETag: '"913b701aeaffcc122be6f052c96c7ed2-2"'
}
2024-07-18 06:29:04 +00:00: performConsortiumPreliminaryAttachmentFileUpload : newFileNameWithBaseFolder :  org/1721284144097.mp3
2024-07-18 06:29:04 +00:00: performConsortiumPreliminaryAttachmentFileUpload : File uploaded successfully :  {
  ServerSideEncryption: 'AES256',
  Location: 'https://ana-s3-bucket-01.s3.amazonaws.com/ANA/uploads/consortiumAssets/CNS-1/consortiumPreliminaryAttachment/org/1721284144097.mp3',
  Bucket: 'ana-s3-bucket-01',
  Key: 'ANA/uploads/consortiumAssets/CNS-1/consortiumPreliminaryAttachment/org/1721284144097.mp3',
  ETag: '"913b701aeaffcc122be6f052c96c7ed2-2"'
}
2024-07-18 06:29:08 +00:00: performConsortiumPreliminaryAttachmentFileUpload : newFileNameWithBaseFolder :  org/1721284148394.mp3
2024-07-18 06:29:08 +00:00: performConsortiumPreliminaryAttachmentFileUpload : File uploaded successfully :  {
  ServerSideEncryption: 'AES256',
  Location: 'https://ana-s3-bucket-01.s3.amazonaws.com/ANA/uploads/consortiumAssets/CNS-1/consortiumPreliminaryAttachment/org/1721284148394.mp3',
  Bucket: 'ana-s3-bucket-01',
  Key: 'ANA/uploads/consortiumAssets/CNS-1/consortiumPreliminaryAttachment/org/1721284148394.mp3',
  ETag: '"913b701aeaffcc122be6f052c96c7ed2-2"'
}
2024-07-18 07:58:30 +00:00: (node:504801) Warning: Use Cipheriv for counter mode of aes-256-ctr
2024-07-18 08:03:09 +00:00: performConsortiumPreliminaryAttachmentFileUpload : newFileNameWithBaseFolder :  org/1721289789319.mp3
2024-07-18 08:03:09 +00:00: performConsortiumPreliminaryAttachmentFileUpload : File uploaded successfully :  {
  ETag: '"7f22282e7e1b236ee2fe4a338a2068e7"',
  ServerSideEncryption: 'AES256',
  Location: 'https://ana-s3-bucket-01.s3.amazonaws.com/ANA/uploads/consortiumAssets/CNS-1/consortiumPreliminaryAttachment/org/1721289789319.mp3',
  key: 'ANA/uploads/consortiumAssets/CNS-1/consortiumPreliminaryAttachment/org/1721289789319.mp3',
  Key: 'ANA/uploads/consortiumAssets/CNS-1/consortiumPreliminaryAttachment/org/1721289789319.mp3',
  Bucket: 'ana-s3-bucket-01'
}
2024-07-19 06:59:14 +00:00: (node:504801) Warning: Use Cipheriv for counter mode of aes-256-ctr
2024-07-19 06:59:14 +00:00: (node:504801) Warning: Use Cipheriv for counter mode of aes-256-ctr
2024-07-19 07:00:16 +00:00: (node:504801) Warning: Use Cipheriv for counter mode of aes-256-ctr
2024-07-19 07:03:30 +00:00: (node:504801) Warning: Use Cipheriv for counter mode of aes-256-ctr
2024-07-19 07:03:30 +00:00: (node:504801) Warning: Use Cipheriv for counter mode of aes-256-ctr
2024-07-20 07:59:10 +00:00: (node:504801) Warning: Use Cipheriv for counter mode of aes-256-ctr
2024-07-20 07:59:57 +00:00: (node:504801) Warning: Use Cipheriv for counter mode of aes-256-ctr
2024-07-22 05:22:56 +00:00: (node:504801) Warning: Use Cipheriv for counter mode of aes-256-ctr
2024-07-22 05:24:56 +00:00: (node:504801) Warning: Use Cipheriv for counter mode of aes-256-ctr
